Performing C SOURCE FILE Test CMAKE_HAVE_LIBC_PTHREAD failed with the following output:
Change Dir: /home/jorio/prj/c++/Game15/_builds/CMakeFiles/CMakeTmp

Run Build Command(s):/usr/bin/gmake cmTC_969c4/fast && /usr/bin/gmake  -f CMakeFiles/cmTC_969c4.dir/build.make CMakeFiles/cmTC_969c4.dir/build
gmake[1]: влизане в директория „/home/jorio/prj/c++/Game15/_builds/CMakeFiles/CMakeTmp“
Building C object CMakeFiles/cmTC_969c4.dir/src.c.o
/usr/bin/cc   -DCMAKE_HAVE_LIBC_PTHREAD -o CMakeFiles/cmTC_969c4.dir/src.c.o -c /home/jorio/prj/c++/Game15/_builds/CMakeFiles/CMakeTmp/src.c
Linking C executable cmTC_969c4
/usr/bin/cmake -E cmake_link_script CMakeFiles/cmTC_969c4.dir/link.txt --verbose=1
/usr/bin/cc  -DCMAKE_HAVE_LIBC_PTHREAD CMakeFiles/cmTC_969c4.dir/src.c.o -o cmTC_969c4 
/usr/bin/ld: CMakeFiles/cmTC_969c4.dir/src.c.o: във функция 'main':
src.c:(.text+0x2f): неопределена отпратка към 'pthread_create'
/usr/bin/ld: src.c:(.text+0x3b): неопределена отпратка към 'pthread_detach'
/usr/bin/ld: src.c:(.text+0x47): неопределена отпратка към 'pthread_cancel'
/usr/bin/ld: src.c:(.text+0x58): неопределена отпратка към 'pthread_join'
collect2: error: ld returned 1 exit status
gmake[1]: *** [CMakeFiles/cmTC_969c4.dir/build.make:106: cmTC_969c4] Грешка 1
gmake[1]: излизане от директория „/home/jorio/prj/c++/Game15/_builds/CMakeFiles/CMakeTmp“
gmake: *** [Makefile:140: cmTC_969c4/fast] Грешка 2


Source file was:
#include <pthread.h>

void* test_func(void* data)
{
  return data;
}

int main(void)
{
  pthread_t thread;
  pthread_create(&thread, NULL, test_func, NULL);
  pthread_detach(thread);
  pthread_cancel(thread);
  pthread_join(thread, NULL);
  pthread_atfork(NULL, NULL, NULL);
  pthread_exit(NULL);

  return 0;
}

Determining if the function pthread_create exists in the pthreads failed with the following output:
Change Dir: /home/jorio/prj/c++/Game15/_builds/CMakeFiles/CMakeTmp

Run Build Command(s):/usr/bin/gmake cmTC_4bc6f/fast && /usr/bin/gmake  -f CMakeFiles/cmTC_4bc6f.dir/build.make CMakeFiles/cmTC_4bc6f.dir/build
gmake[1]: влизане в директория „/home/jorio/prj/c++/Game15/_builds/CMakeFiles/CMakeTmp“
Building C object CMakeFiles/cmTC_4bc6f.dir/CheckFunctionExists.c.o
/usr/bin/cc   -DCHECK_FUNCTION_EXISTS=pthread_create -o CMakeFiles/cmTC_4bc6f.dir/CheckFunctionExists.c.o -c /usr/share/cmake-3.18/Modules/CheckFunctionExists.c
Linking C executable cmTC_4bc6f
/usr/bin/cmake -E cmake_link_script CMakeFiles/cmTC_4bc6f.dir/link.txt --verbose=1
/usr/bin/cc  -DCHECK_FUNCTION_EXISTS=pthread_create CMakeFiles/cmTC_4bc6f.dir/CheckFunctionExists.c.o -o cmTC_4bc6f  -lpthreads 
/usr/bin/ld: не се намира -lpthreads
collect2: error: ld returned 1 exit status
gmake[1]: *** [CMakeFiles/cmTC_4bc6f.dir/build.make:106: cmTC_4bc6f] Грешка 1
gmake[1]: излизане от директория „/home/jorio/prj/c++/Game15/_builds/CMakeFiles/CMakeTmp“
gmake: *** [Makefile:140: cmTC_4bc6f/fast] Грешка 2



